<?xml version="1.0" encoding="UTF-8"?>
<!-- Generated by org.testng.reporters.JUnitReportReporter -->
<testsuite hostname="ROOPA" failures="0" tests="1" name="com.practice.NewTest" time="0.013" errors="0" timestamp="2 Jun 2023 04:36:48 GMT">
  <testcase classname="com.practice.NewTest" name="f" time="0.013"/>
</testsuite> <!-- com.practice.NewTest -->
