<?xml version="1.0" encoding="UTF-8"?>
<!-- Generated by org.testng.reporters.JUnitReportReporter -->
<testsuite hostname="ROOPA" failures="0" tests="1" name="com.practice.Day9Four" time="20.446" errors="0" timestamp="2023-06-11T17:10:21 IST" skipped="0">
  <testcase classname="com.practice.Day9Four" name="underMethod" time="20.446"/>
  <system-out/>
</testsuite> <!-- com.practice.Day9Four -->
