<?xml version="1.0" encoding="UTF-8"?>
<!-- Generated by org.testng.reporters.JUnitReportReporter -->
<testsuite hostname="ROOPA" failures="0" tests="4" name="com.practice.Caluculator" time="0.007" errors="0" timestamp="2 Jun 2023 06:16:07 GMT">
  <testcase classname="com.practice.Caluculator" name="mul" time="0.000"/>
  <testcase classname="com.practice.Caluculator" name="sub" time="0.001"/>
  <testcase classname="com.practice.Caluculator" name="add" time="0.006"/>
  <testcase classname="com.practice.Caluculator" name="div" time="0.000"/>
</testsuite> <!-- com.practice.Caluculator -->
