<?xml version="1.0" encoding="UTF-8"?>
<!-- Generated by org.testng.reporters.JUnitReportReporter -->
<testsuite hostname="ROOPA" failures="0" tests="2" name="com.practice.day7_4" time="35.545" errors="0" timestamp="2023-06-02T15:02:51 IST" skipped="0">
  <testcase classname="com.practice.day7_4" name="Login" time="31.422"/>
  <system-out/>
  <testcase classname="com.practice.day7_4" name="Logout" time="4.123"/>
  <system-out/>
</testsuite> <!-- com.practice.day7_4 -->
