<?xml version="1.0" encoding="UTF-8"?>
<!-- Generated by org.testng.reporters.JUnitReportReporter -->
<testsuite hostname="ROOPA" failures="0" tests="1" name="com.practice.day_7_1" time="8.426" errors="0" timestamp="2 Jun 2023 05:22:39 GMT">
  <testcase classname="com.practice.day_7_1" name="verifyTitle" time="8.426"/>
</testsuite> <!-- com.practice.day_7_1 -->
