<?xml version="1.0" encoding="UTF-8"?>
<!-- Generated by org.testng.reporters.JUnitReportReporter -->
<testsuite hostname="ROOPA" failures="0" tests="1" name="com.practice.day_7_3" time="21.462" errors="0" timestamp="2 Jun 2023 07:19:08 GMT">
  <testcase classname="com.practice.day_7_3" name="underMethod" time="21.462"/>
</testsuite> <!-- com.practice.day_7_3 -->
