<?xml version="1.0" encoding="UTF-8"?>
<!-- Generated by org.testng.reporters.JUnitReportReporter -->
<testsuite hostname="ROOPA" failures="0" tests="1" name="com.practice.day7_5" time="13.747" errors="0" timestamp="2023-06-02T14:35:39 IST" skipped="0">
  <testcase classname="com.practice.day7_5" name="validation" time="13.747"/>
  <system-out/>
</testsuite> <!-- com.practice.day7_5 -->
