<?xml version="1.0" encoding="UTF-8"?>
<!-- Generated by org.testng.reporters.JUnitReportReporter -->
<testsuite hostname="ROOPA" failures="0" tests="1" name="com.practice.day8_1" time="78.651" errors="0" timestamp="2023-06-03T10:13:22 IST" skipped="0">
  <testcase classname="com.practice.day8_1" name="f" time="78.651"/>
  <system-out/>
</testsuite> <!-- com.practice.day8_1 -->
