<?xml version="1.0" encoding="UTF-8"?>
<!-- Generated by org.testng.reporters.JUnitReportReporter -->
<testsuite hostname="ROOPA" failures="0" tests="1" name="com.practice.day8_5" time="131.395" errors="0" timestamp="2023-06-03T12:12:52 IST" skipped="0">
  <testcase classname="com.practice.day8_5" name="f" time="131.395"/>
  <system-out/>
</testsuite> <!-- com.practice.day8_5 -->
