<?xml version="1.0" encoding="UTF-8"?>
<!-- Generated by org.testng.reporters.JUnitReportReporter -->
<testsuite hostname="ROOPA" failures="0" tests="2" name="com.practice.Day9TwoThree" time="16.327" errors="0" timestamp="2023-06-11T13:50:42 IST" skipped="0">
  <testcase classname="com.practice.Day9TwoThree" name="testcase1" time="5.661"/>
  <system-out/>
  <testcase classname="com.practice.Day9TwoThree" name="testcase2" time="10.666"/>
  <system-out/>
</testsuite> <!-- com.practice.Day9TwoThree -->
