<?xml version="1.0" encoding="UTF-8"?>
<!-- Generated by org.testng.reporters.JUnitReportReporter -->
<testsuite hostname="ROOPA" failures="0" tests="2" name="com.practice.example" time="0.011" errors="0" timestamp="2023-06-02T12:58:17 IST" skipped="0">
  <testcase classname="com.practice.example" name="Logout" time="0.001"/>
  <system-out/>
  <testcase classname="com.practice.example" name="Login" time="0.010"/>
  <system-out/>
</testsuite> <!-- com.practice.example -->
