<?xml version="1.0" encoding="UTF-8"?>
<!-- Generated by org.testng.reporters.JUnitReportReporter -->
<testsuite hostname="ROOPA" failures="0" tests="4" name="com.practice.Caluculator" time="0.012" errors="0" timestamp="2023-06-11T22:49:14 IST" skipped="0">
  <testcase classname="com.practice.Caluculator" name="sub" time="0.010"/>
  <system-out/>
  <testcase classname="com.practice.Caluculator" name="add" time="0.001"/>
  <system-out/>
  <testcase classname="com.practice.Caluculator" name="mul" time="0.000"/>
  <system-out/>
  <testcase classname="com.practice.Caluculator" name="div" time="0.001"/>
  <system-out/>
</testsuite> <!-- com.practice.Caluculator -->
